This is pdfTeX, Version 3.14159265-2.6-1.40.18 (TeX Live 2017/Debian) (preloaded format=pdflatex 2018.11.19)  3 AUG 2019 00:19
entering extended mode
 restricted \write18 enabled.
 %&-line parsing enabled.
**rwdiffu.tex
(./rwdiffu.tex
LaTeX2e <2017-04-15>
Babel <3.18> and hyphenation patterns for 84 language(s) loaded.
(./agujournal2018.cls
Document Class: agujournal2018 08/23/2018
(/usr/share/texlive/texmf-dist/tex/latex/graphics/graphicx.sty
Package: graphicx 2017/06/01 v1.1a Enhanced LaTeX Graphics (DPC,SPQR)

(/usr/share/texlive/texmf-dist/tex/latex/graphics/keyval.sty
Package: keyval 2014/10/28 v1.15 key=value parser (DPC)
\KV@toks@=\toks14
)
(/usr/share/texlive/texmf-dist/tex/latex/graphics/graphics.sty
Package: graphics 2017/06/25 v1.2c Standard LaTeX Graphics (DPC,SPQR)

(/usr/share/texlive/texmf-dist/tex/latex/graphics/trig.sty
Package: trig 2016/01/03 v1.10 sin cos tan (DPC)
)
(/usr/share/texlive/texmf-dist/tex/latex/graphics-cfg/graphics.cfg
File: graphics.cfg 2016/06/04 v1.11 sample graphics configuration
)
Package graphics Info: Driver file: pdftex.def on input line 99.

(/usr/share/texlive/texmf-dist/tex/latex/graphics-def/pdftex.def
File: pdftex.def 2018/01/08 v1.0l Graphics/color driver for pdftex
))
\Gin@req@height=\dimen102
\Gin@req@width=\dimen103
)
(/usr/share/texlive/texmf-dist/tex/latex/xcolor/xcolor.sty
Package: xcolor 2016/05/11 v2.12 LaTeX color extensions (UK)

(/usr/share/texlive/texmf-dist/tex/latex/graphics-cfg/color.cfg
File: color.cfg 2016/01/02 v1.6 sample color configuration
)
Package xcolor Info: Driver file: pdftex.def on input line 225.
Package xcolor Info: Model `cmy' substituted by `cmy0' on input line 1348.
Package xcolor Info: Model `hsb' substituted by `rgb' on input line 1352.
Package xcolor Info: Model `RGB' extended on input line 1364.
Package xcolor Info: Model `HTML' substituted by `rgb' on input line 1366.
Package xcolor Info: Model `Hsb' substituted by `hsb' on input line 1367.
Package xcolor Info: Model `tHsb' substituted by `hsb' on input line 1368.
Package xcolor Info: Model `HSB' substituted by `hsb' on input line 1369.
Package xcolor Info: Model `Gray' substituted by `gray' on input line 1370.
Package xcolor Info: Model `wave' substituted by `hsb' on input line 1371.
)
(/usr/share/texlive/texmf-dist/tex/latex/url/url.sty
\Urlmuskip=\muskip10
Package: url 2013/09/16  ver 3.4  Verb mode for urls, etc.
) (./trackchanges.sty
Package: trackchanges 2009/04/22 v0.7.0 TrackChanges file 

(/usr/share/texlive/texmf-dist/tex/latex/base/ifthen.sty
Package: ifthen 2014/09/29 v1.1c Standard LaTeX ifthen package (DPC)
)
(/usr/share/texlive/texmf-dist/tex/latex/tools/calc.sty
Package: calc 2014/10/28 v4.3 Infix arithmetic (KKT,FJ)
\calc@Acount=\count79
\calc@Bcount=\count80
\calc@Adimen=\dimen104
\calc@Bdimen=\dimen105
\calc@Askip=\skip41
\calc@Bskip=\skip42
LaTeX Info: Redefining \setlength on input line 80.
LaTeX Info: Redefining \addtolength on input line 81.
\calc@Ccount=\count81
\calc@Cskip=\skip43
)
(/usr/share/texlive/texmf-dist/tex/latex/soul/soul.sty
Package: soul 2003/11/17 v2.4 letterspacing/underlining (mf)
\SOUL@word=\toks15
\SOUL@lasttoken=\toks16
\SOUL@cmds=\toks17
\SOUL@buffer=\toks18
\SOUL@token=\toks19
\SOUL@spaceskip=\skip44
\SOUL@ttwidth=\dimen106
\SOUL@uldp=\dimen107
\SOUL@ulht=\dimen108
)
(/usr/share/texlive/texmf-dist/tex/latex/morefloats/morefloats.sty
Package: morefloats 2015/07/22 v1.0h Raise limit of unprocessed floats (HMM)

(/usr/share/texlive/texmf-dist/tex/latex/oberdiek/kvoptions.sty
Package: kvoptions 2016/05/16 v3.12 Key value format for package options (HO)

(/usr/share/texlive/texmf-dist/tex/generic/oberdiek/ltxcmds.sty
Package: ltxcmds 2016/05/16 v1.23 LaTeX kernel commands for general use (HO)
)
(/usr/share/texlive/texmf-dist/tex/generic/oberdiek/kvsetkeys.sty
Package: kvsetkeys 2016/05/16 v1.17 Key value parser (HO)

(/usr/share/texlive/texmf-dist/tex/generic/oberdiek/infwarerr.sty
Package: infwarerr 2016/05/16 v1.4 Providing info/warning/error messages (HO)
)
(/usr/share/texlive/texmf-dist/tex/generic/oberdiek/etexcmds.sty
Package: etexcmds 2016/05/16 v1.6 Avoid name clashes with e-TeX commands (HO)

(/usr/share/texlive/texmf-dist/tex/generic/oberdiek/ifluatex.sty
Package: ifluatex 2016/05/16 v1.4 Provides the ifluatex switch (HO)
Package ifluatex Info: LuaTeX not detected.
)
Package etexcmds Info: Could not find \expanded.
(etexcmds)             That can mean that you are not using pdfTeX 1.50 or
(etexcmds)             that some package has redefined \expanded.
(etexcmds)             In the latter case, load this package earlier.
)))
Package morefloats Info: Maximum number of possible floats asked for: 36
(morefloats)             (i.e. 18 more floats).
(morefloats)             LaTeX might run out of memory before this
(morefloats)             (in which case it will notify you).
)
\c@userid=\count82
\c@changenumber=\count83
\c@storefootnote=\count84
\c@numeditors=\count85
\c@maxeditors=\count86
)
(/usr/share/texlive/texmf-dist/tex/latex/lineno/lineno.sty
Package: lineno 2005/11/02 line numbers on paragraphs v4.41
\linenopenalty=\count87
\output=\toks20
\linenoprevgraf=\count88
\linenumbersep=\dimen109
\linenumberwidth=\dimen110
\c@linenumber=\count89
\c@pagewiselinenumber=\count90
\c@LN@truepage=\count91
\c@internallinenumber=\count92
\c@internallinenumbers=\count93
\quotelinenumbersep=\dimen111
\bframerule=\dimen112
\bframesep=\dimen113
\bframebox=\box26
LaTeX Info: Redefining \\ on input line 3056.
)
(/usr/share/texlive/texmf-dist/tex/latex/tools/indentfirst.sty
Package: indentfirst 1995/11/23 v1.03 Indent first paragraph (DPC)
)
(/usr/share/texlive/texmf-dist/tex/latex/ms/ragged2e.sty
Package: ragged2e 2009/05/21 v2.1 ragged2e Package (MS)

(/usr/share/texlive/texmf-dist/tex/latex/ms/everysel.sty
Package: everysel 2011/10/28 v1.2 EverySelectfont Package (MS)
)
\CenteringLeftskip=\skip45
\RaggedLeftLeftskip=\skip46
\RaggedRightLeftskip=\skip47
\CenteringRightskip=\skip48
\RaggedLeftRightskip=\skip49
\RaggedRightRightskip=\skip50
\CenteringParfillskip=\skip51
\RaggedLeftParfillskip=\skip52
\RaggedRightParfillskip=\skip53
\JustifyingParfillskip=\skip54
\CenteringParindent=\skip55
\RaggedLeftParindent=\skip56
\RaggedRightParindent=\skip57
\JustifyingParindent=\skip58
)
(/usr/share/texlive/texmf-dist/tex/latex/graphics/rotating.sty
Package: rotating 2016/08/11 v2.16d rotated objects in LaTeX
\c@r@tfl@t=\count94
\rotFPtop=\skip59
\rotFPbot=\skip60
\rot@float@box=\box27
\rot@mess@toks=\toks21
)
(/usr/share/texlive/texmf-dist/tex/generic/ulem/ulem.sty
\UL@box=\box28
\UL@hyphenbox=\box29
\UL@skip=\skip61
\UL@hook=\toks22
\UL@height=\dimen114
\UL@pe=\count95
\UL@pixel=\dimen115
\ULC@box=\box30
Package: ulem 2012/05/18
\ULdepth=\dimen116
)
\draftskip=\count96
\c@section=\count97
\c@subsection=\count98
\c@subsubsection=\count99
\c@paragraph=\count100
\c@subparagraph=\count101
\c@figure=\count102
\c@table=\count103
\abovecaptionskip=\skip62
\belowcaptionskip=\skip63
\c@appendnum=\count104
\bibindent=\dimen117

(/usr/share/texlive/texmf-dist/tex/latex/apacite/apacite.sty
Package: apacite 2013/07/21 v6.03 APA citation
\c@BibCnt=\count105
\bibleftmargin=\skip64
\bibindent=\skip65
\bibparsep=\skip66
\bibitemsep=\skip67
\biblabelsep=\skip68
)
(/usr/share/texlive/texmf-dist/tex/latex/natbib/natbib.sty
Package: natbib 2010/09/13 8.31b (PWD, AO)
\bibhang=\skip69
\bibsep=\skip70
LaTeX Info: Redefining \cite on input line 694.
\c@NAT@ctr=\count106
)
LaTeX Info: Redefining \BBA on input line 1149.
)
(/usr/share/texlive/texmf-dist/tex/latex/amsmath/amsmath.sty
Package: amsmath 2017/09/02 v2.17a AMS math features
\@mathmargin=\skip71

For additional information on amsmath, use the `?' option.
(/usr/share/texlive/texmf-dist/tex/latex/amsmath/amstext.sty
Package: amstext 2000/06/29 v2.01 AMS text

(/usr/share/texlive/texmf-dist/tex/latex/amsmath/amsgen.sty
File: amsgen.sty 1999/11/30 v2.0 generic functions
\@emptytoks=\toks23
\ex@=\dimen118
))
(/usr/share/texlive/texmf-dist/tex/latex/amsmath/amsbsy.sty
Package: amsbsy 1999/11/29 v1.2d Bold Symbols
\pmbraise@=\dimen119
)
(/usr/share/texlive/texmf-dist/tex/latex/amsmath/amsopn.sty
Package: amsopn 2016/03/08 v2.02 operator names
)
\inf@bad=\count107
LaTeX Info: Redefining \frac on input line 213.
\uproot@=\count108
\leftroot@=\count109
LaTeX Info: Redefining \overline on input line 375.
\classnum@=\count110
\DOTSCASE@=\count111
LaTeX Info: Redefining \ldots on input line 472.
LaTeX Info: Redefining \dots on input line 475.
LaTeX Info: Redefining \cdots on input line 596.
\Mathstrutbox@=\box31
\strutbox@=\box32
\big@size=\dimen120
LaTeX Font Info:    Redeclaring font encoding OML on input line 712.
LaTeX Font Info:    Redeclaring font encoding OMS on input line 713.
\macc@depth=\count112
\c@MaxMatrixCols=\count113
\dotsspace@=\muskip11
\c@parentequation=\count114
\dspbrk@lvl=\count115
\tag@help=\toks24
\row@=\count116
\column@=\count117
\maxfields@=\count118
\andhelp@=\toks25
\eqnshift@=\dimen121
\alignsep@=\dimen122
\tagshift@=\dimen123
\tagwidth@=\dimen124
\totwidth@=\dimen125
\lineht@=\dimen126
\@envbody=\toks26
\multlinegap=\skip72
\multlinetaggap=\skip73
\mathdisplay@stack=\toks27
LaTeX Info: Redefining \[ on input line 2817.
LaTeX Info: Redefining \] on input line 2818.
)
(/usr/share/texlive/texmf-dist/tex/latex/amsfonts/amssymb.sty
Package: amssymb 2013/01/14 v3.01 AMS font symbols

(/usr/share/texlive/texmf-dist/tex/latex/amsfonts/amsfonts.sty
Package: amsfonts 2013/01/14 v3.01 Basic AMSFonts support
\symAMSa=\mathgroup4
\symAMSb=\mathgroup5
LaTeX Font Info:    Overwriting math alphabet `\mathfrak' in version `bold'
(Font)                  U/euf/m/n --> U/euf/b/n on input line 106.
))
(/usr/share/texlive/texmf-dist/tex/latex/amscls/amsthm.sty
Package: amsthm 2017/10/31 v2.20.4
\thm@style=\toks28
\thm@bodyfont=\toks29
\thm@headfont=\toks30
\thm@notefont=\toks31
\thm@headpunct=\toks32
\thm@preskip=\skip74
\thm@postskip=\skip75
\thm@headsep=\skip76
\dth@everypar=\toks33
)
(/usr/share/texlive/texmf-dist/tex/latex/comment/comment.sty
\CommentStream=\write3

Excluding comment 'comment')
(/usr/share/texlive/texmf-dist/tex/latex/booktabs/booktabs.sty
Package: booktabs 2016/04/27 v1.618033 publication quality tables
\heavyrulewidth=\dimen127
\lightrulewidth=\dimen128
\cmidrulewidth=\dimen129
\belowrulesep=\dimen130
\belowbottomsep=\dimen131
\aboverulesep=\dimen132
\abovetopsep=\dimen133
\cmidrulesep=\dimen134
\cmidrulekern=\dimen135
\defaultaddspace=\dimen136
\@cmidla=\count119
\@cmidlb=\count120
\@aboverulesep=\dimen137
\@belowrulesep=\dimen138
\@thisruleclass=\count121
\@lastruleclass=\count122
\@thisrulewidth=\dimen139
) (./rwdiffu.aux)
\openout1 = `rwdiffu.aux'.

LaTeX Font Info:    Checking defaults for OML/cmm/m/it on input line 26.
LaTeX Font Info:    ... okay on input line 26.
LaTeX Font Info:    Checking defaults for T1/cmr/m/n on input line 26.
LaTeX Font Info:    ... okay on input line 26.
LaTeX Font Info:    Checking defaults for OT1/cmr/m/n on input line 26.
LaTeX Font Info:    ... okay on input line 26.
LaTeX Font Info:    Checking defaults for OMS/cmsy/m/n on input line 26.
LaTeX Font Info:    ... okay on input line 26.
LaTeX Font Info:    Checking defaults for OMX/cmex/m/n on input line 26.
LaTeX Font Info:    ... okay on input line 26.
LaTeX Font Info:    Checking defaults for U/cmr/m/n on input line 26.
LaTeX Font Info:    ... okay on input line 26.
(/usr/share/texlive/texmf-dist/tex/context/base/mkii/supp-pdf.mkii
[Loading MPS to PDF converter (version 2006.09.02).]
\scratchcounter=\count123
\scratchdimen=\dimen140
\scratchbox=\box33
\nofMPsegments=\count124
\nofMParguments=\count125
\everyMPshowfont=\toks34
\MPscratchCnt=\count126
\MPscratchDim=\dimen141
\MPnumerator=\count127
\makeMPintoPDFobject=\count128
\everyMPtoPDFconversion=\toks35
) (/usr/share/texlive/texmf-dist/tex/latex/oberdiek/epstopdf-base.sty
Package: epstopdf-base 2016/05/15 v2.6 Base part for package epstopdf

(/usr/share/texlive/texmf-dist/tex/latex/oberdiek/grfext.sty
Package: grfext 2016/05/16 v1.2 Manage graphics extensions (HO)

(/usr/share/texlive/texmf-dist/tex/generic/oberdiek/kvdefinekeys.sty
Package: kvdefinekeys 2016/05/16 v1.4 Define keys (HO)
))
(/usr/share/texlive/texmf-dist/tex/generic/oberdiek/pdftexcmds.sty
Package: pdftexcmds 2018/01/21 v0.26 Utility functions of pdfTeX for LuaTeX (HO
)

(/usr/share/texlive/texmf-dist/tex/generic/oberdiek/ifpdf.sty
Package: ifpdf 2017/03/15 v3.2 Provides the ifpdf switch
)
Package pdftexcmds Info: LuaTeX not detected.
Package pdftexcmds Info: \pdf@primitive is available.
Package pdftexcmds Info: \pdf@ifprimitive is available.
Package pdftexcmds Info: \pdfdraftmode found.
)
Package epstopdf-base Info: Redefining graphics rule for `.eps' on input line 4
38.
Package grfext Info: Graphics extension search list:
(grfext)             [.pdf,.png,.jpg,.mps,.jpeg,.jbig2,.jb2,.PDF,.PNG,.JPG,.JPE
G,.JBIG2,.JB2,.eps]
(grfext)             \AppendGraphicsExtensions on input line 456.

(/usr/share/texlive/texmf-dist/tex/latex/latexconfig/epstopdf-sys.cfg
File: epstopdf-sys.cfg 2010/07/13 v1.3 Configuration of (r)epstopdf for TeX Liv
e
))

Package trackchanges Warning: TrackChanges is not compatable with the 
(trackchanges)                'ulem' package.
(trackchanges)                Use the 'soul' package instead.

ABD: EverySelectfont initializing macros
LaTeX Info: Redefining \selectfont on input line 26.
\c@maskedRefs=\count129

(/usr/share/texlive/texmf-dist/tex/latex/apacite/english.apc
File: english.apc 2013/07/21 v6.03 apacite language file
LaTeX Info: Redefining \BPBI on input line 129.
LaTeX Info: Redefining \BHBI on input line 130.
)
LaTeX Font Info:    Try loading font information for U+msa on input line 30.

(/usr/share/texlive/texmf-dist/tex/latex/amsfonts/umsa.fd
File: umsa.fd 2013/01/14 v3.01 AMS symbols A
)
LaTeX Font Info:    Try loading font information for U+msb on input line 30.

(/usr/share/texlive/texmf-dist/tex/latex/amsfonts/umsb.fd
File: umsb.fd 2013/01/14 v3.01 AMS symbols B
) [1{/var/lib/texmf/fonts/map/pdftex/updmap/pdftex.map}]

LaTeX Font Warning: Font shape `OT1/cmr/m/n' in size <10.5> not available
(Font)              size <10.95> substituted on input line 45.


LaTeX Font Warning: Font shape `OT1/cmr/bx/n' in size <10.5> not available
(Font)              size <10.95> substituted on input line 45.


Underfull \vbox (badness 10000) has occurred while \output is active []

 [2]
Underfull \vbox (badness 10000) has occurred while \output is active []

 [3]
[4]
Overfull \hbox (12.2032pt too wide) in paragraph at lines 153--156
\OT1/cmr/m/n/10 The Laplace-transformed mo-ments of $\OML/cmm/m/it/10 x$ \OT1/c
mr/m/n/10 are linked to deriva-tives of the double-transformed 
 []

<./figures/pdf-plot-edit.png, id=31, 458.4327pt x 181.3977pt>
File: ./figures/pdf-plot-edit.png Graphic file (type png)
<use ./figures/pdf-plot-edit.png>
Package pdftex.def Info: ./figures/pdf-plot-edit.png  used on input line 173.
(pdftex.def)             Requested size: 397.48499pt x 157.2888pt.

Underfull \hbox (badness 10000) in paragraph at lines 174--174
[]\OT1/cmr/bx/n/9 Figure  1. \OT1/cmr/m/n/9 Joint dis-tri-bu-tions of a tracer 
be-ing found at $\OML/cmm/m/it/9 x$ $t$ \OT1/cmr/m/n/9 are im-peded by the trap
-ping pro-
 []


Underfull \hbox (badness 10000) in paragraph at lines 174--174
\OT1/cmr/m/n/9 cess. Panel (a) shows the Lisle et al.[] (1998) model, and panel
 (b) shows the the dis-tri-bu-tion 13[]
 []


Underfull \hbox (badness 10000) in paragraph at lines 174--174
\OT1/cmr/m/n/9 which re-sults from a trap-ping pro-cess oc-cur-ring at rate $\O
ML/cmm/m/it/9 ^^T$\OT1/cmr/m/n/9 . Cross-comparison of both pan-els shows
 []


Underfull \hbox (badness 10000) in paragraph at lines 174--174
\OT1/cmr/m/n/9 that trap-ping re-dis-tributes prob-a-bil-ity to smaller val-ues
 of $\OML/cmm/m/it/9 x$\OT1/cmr/m/n/9 , and this re-dis-tri-bu-tion be-comes
 []


Underfull \hbox (badness 10000) in paragraph at lines 191--191
[]\OT1/cmr/bx/n/9 Table 1. \OT1/cmr/m/n/9 Poly-no-mi-als and tran-scen-den-tal 
func-tions used in the ex-pres-sions of the mean (14[]),
 []


LaTeX Warning: `!h' float specifier changed to `!ht'.

<./figures/diffusion.png, id=33, 462.64845pt x 289.44135pt>
File: ./figures/diffusion.png Graphic file (type png)
<use ./figures/diffusion.png>
Package pdftex.def Info: ./figures/diffusion.png  used on input line 219.
(pdftex.def)             Requested size: 397.48499pt x 248.68503pt.

Underfull \hbox (badness 10000) in paragraph at lines 221--221
[]\OT1/cmr/bx/n/9 Figure  2. \OT1/cmr/m/n/9 The vari-ance of tracer po-si-tion 
ex-hibits four dis-tinct scal-ing re-gions as time in-
 []


Underfull \hbox (badness 10000) in paragraph at lines 221--221
\OT1/cmr/m/n/9 creases: lo-cal, in-ter-me-di-ate, global, and fi-nally a non-di
ffusive range char-ac-ter-ized by the even-tual
 []


Underfull \hbox (badness 10000) in paragraph at lines 221--221
\OT1/cmr/m/n/9 in-ter-vals are gen-er-ally much shorter than rest-ing in-ter-va
ls, which are in turn are gen-er-ally much
 []

[5] [6 <./figures/pdf-plot-edit.png>]
Underfull \vbox (badness 6236) has occurred while \output is active []

 [7 <./figures/diffusion.png>] [8]
Underfull \vbox (badness 10000) has occurred while \output is active []

 [9]
Underfull \vbox (badness 10000) has occurred while \output is active []

 [10]
Overfull \hbox (18.17326pt too wide) detected at line 385
[]
 []


Overfull \hbox (24.0pt too wide) in paragraph at lines 385--385
[]  
 []

[11]
Overfull \hbox (1.31456pt too wide) detected at line 424
[]
 []


Overfull \hbox (24.0pt too wide) in paragraph at lines 424--424
[]  
 []

[12] (./rwdiffu.bbl
Underfull \hbox (badness 2111) in paragraph at lines 16--32
[]\OT1/cmr/m/n/10 Aar~ao Reis, F. D., & Di Caprio, D.  (2014).  Crossover from 
anoma-lous to nor-mal 
 []


Underfull \hbox (badness 3792) in paragraph at lines 47--65
\OT1/cmr/m/n/10 i-ment trans-port ex-per-i-ments.  \OT1/cmr/m/it/10 Phys-i-cal 
Re-view E - Sta-tis-ti-cal, Non-lin-ear, and 
 []


Underfull \hbox (badness 1173) in paragraph at lines 79--92
[]\OT1/cmr/m/n/10 Ancey, C., Bo-horquez, P., & Bar-dou, E.  (2014).  Sed-i-ment
 Trans-port in Moun-tain 
 []


Underfull \hbox (badness 5175) in paragraph at lines 132--149
[]\OT1/cmr/m/n/10 Berkowitz, B., Cor-tis, A., Dentz, M., & Scher, H.  (2006).  
Mod-el-ing Non-fickian 
 []


Underfull \hbox (badness 1845) in paragraph at lines 161--176
[]\OT1/cmr/m/n/10 Bradley, N. D.  (2017).  Di-rect Ob-ser-va-tion of Heavy-Tail
ed Stor-age Times of Bed 
 []


Underfull \hbox (badness 10000) in paragraph at lines 161--176
\OT1/cmr/m/n/10 Load Tracer Par-ti-cles Caus-ing Anoma-lous Su-perdif-fu-sion. 
 \OT1/cmr/m/it/10 Geo-phys-i-cal Re- 
 []


Underfull \hbox (badness 2401) in paragraph at lines 192--209
\OT1/cmr/m/n/10 Scale-Based Sta-tis-ti-cal Anal-y-sis of Sed-i-ment Fluxes.  \O
T1/cmr/m/it/10 Acta Geo-phys-ica\OT1/cmr/m/n/10 , \OT1/cmr/m/it/10 60\OT1/cmr/m
/n/10 (6), 
 []


Underfull \hbox (badness 7047) in paragraph at lines 223--239
\OT1/cmr/m/n/10 ments on a spher-i-cal grain un-der thresh-old flow con-di-tion
s.  \OT1/cmr/m/it/10 Jour-nal of Fluid 
 []

[13]
Underfull \hbox (badness 1259) in paragraph at lines 281--296
\OT1/cmr/m/n/10 Cre-ated by Bar Mi-gra-tion or Sed-i-ment Waves?  \OT1/cmr/m/it
/10 Geo-phys-i-cal Re-search Let-ters\OT1/cmr/m/n/10 , 
 []


Underfull \hbox (badness 2229) in paragraph at lines 332--345
[]\OT1/cmr/m/n/10 Einstein, H. A.  (1937).  \OT1/cmr/m/it/10 Bed-load trans-por
t as a prob-a-bil-ity prob-lem \OT1/cmr/m/n/10 (Un-pub-lished 
 []


Underfull \hbox (badness 10000) in paragraph at lines 411--432
[]\OT1/cmr/m/n/10 Fan, N., Zhong, D., Wu, B., Foufoula-Georgiou, E., & Guala, M
.  (2014).  A 
 []


Underfull \hbox (badness 10000) in paragraph at lines 411--432
\OT1/cmr/m/n/10 mechanistic-stochastic for-mu-la-tion of bed load par-ti-cle mo
-tions: From in- 
 []


Underfull \hbox (badness 10000) in paragraph at lines 411--432
\OT1/cmr/m/n/10 di-vid-ual par-ti-cle forces to the Fokker-Planck equa-tion un-
der low trans- 
 []


Underfull \hbox (badness 6927) in paragraph at lines 411--432
\OT1/cmr/m/n/10 port rates.  \OT1/cmr/m/it/10 Geo-phys-i-cal Re-search: Earth S
ur-face\OT1/cmr/m/n/10 , \OT1/cmr/m/it/10 1\OT1/cmr/m/n/10 (119), 2147--2173.  
doi: 
 []


Underfull \hbox (badness 10000) in paragraph at lines 446--463
[]\OT1/cmr/m/n/10 Fathel, S. L., Fur-bish, D. J., & Schmeeckle, M. W.  (2015). 
 Ex-per-i-men-tal ev-i- 
 []


Underfull \hbox (badness 7722) in paragraph at lines 446--463
\OT1/cmr/m/n/10 dence of sta-tis-ti-cal en-sem-ble be-hav-ior in bed load sed-i
-ment trans-port.  \OT1/cmr/m/it/10 Jour- 
 []


Underfull \hbox (badness 10000) in paragraph at lines 446--463
\OT1/cmr/m/it/10 nal of Geo-phys-i-cal Re-search F: Earth Sur-face\OT1/cmr/m/n/
10 , \OT1/cmr/m/it/10 120\OT1/cmr/m/n/10 (11), 2298--2317.  doi: 
 []


Underfull \hbox (badness 10000) in paragraph at lines 506--525
[]\OT1/cmr/m/n/10 Furbish, D. J., Fa-thel, S. L., Schmeeckle, M. W., Jerol-mack
, D. J., & Schumer, 
 []


Underfull \hbox (badness 3780) in paragraph at lines 506--525
\OT1/cmr/m/n/10 R.  (2017).  The el-e-ments and rich-ness of par-ti-cle dif-fu-
sion dur-ing sed-i-ment 
 []


Underfull \hbox (badness 10000) in paragraph at lines 620--640
[]\OT1/cmr/m/n/10 Hauer, F. R., Locke, H., Dre-itz, V. J., Heb-ble-white, M., L
owe, W. H., Muhlfeld, 
 []


Underfull \hbox (badness 1642) in paragraph at lines 620--640
\OT1/cmr/m/n/10 nexus of glaciated moun-tain land-scapes.  \OT1/cmr/m/it/10 Sci
-ence Ad-vances\OT1/cmr/m/n/10 , \OT1/cmr/m/it/10 2\OT1/cmr/m/n/10 (6), 1--14. 
 doi: 
 []


Underfull \hbox (badness 1264) in paragraph at lines 654--672
[]\OT1/cmr/m/n/10 Heyman, J., Bo-horquez, P., & An-cey, C.  (2016).  En-train-m
ent, mo-tion, and de-po- 
 []


Underfull \hbox (badness 10000) in paragraph at lines 741--756
\OT1/cmr/m/n/10 fifty-year his-tory, state of art and out-look.  \OT1/cmr/m/it/
10 Eu-ro-pean Phys-i-cal Jour-nal B\OT1/cmr/m/n/10 , 
 []


Underfull \hbox (badness 3668) in paragraph at lines 770--786
\OT1/cmr/m/n/10 ti-ple Sed-i-ment Par-ti-cles.  \OT1/cmr/m/it/10 Jour-nal of Hy
-draulic En-gi-neer-ing\OT1/cmr/m/n/10 , \OT1/cmr/m/it/10 128\OT1/cmr/m/n/10 (4
), 443--450. 
 []


Underfull \hbox (badness 10000) in paragraph at lines 798--814
[]\OT1/cmr/m/n/10 Lisle, I. G., Rose, C. W., Hog-a-rth, W. L., Hair-sine, P. B.
, Sander, G. C., & Par- 
 []


Underfull \vbox (badness 10000) has occurred while \output is active []

 [14]
Underfull \hbox (badness 10000) in paragraph at lines 826--846
[]\OT1/cmr/m/n/10 Macklin, M. G., Brewer, P. A., Hudson-Edwards, K. A., Bird, G
., Coulthard, T. J., 
 []


Underfull \hbox (badness 10000) in paragraph at lines 862--880
\OT1/cmr/m/n/10 flu-ence of sed-i-ment stor-age on down-stream de-liv-ery of co
n-tam-i-nated sed-i-ment. 
 []


Underfull \hbox (badness 1331) in paragraph at lines 892--903
[]\OT1/cmr/m/n/10 Marcum, J.  (1960).  A sta-tis-ti-cal the-ory of tar-get de-t
ec-tion by pulse radar.  \OT1/cmr/m/it/10 IRE 
 []


Underfull \hbox (badness 10000) in paragraph at lines 917--934
[]\OT1/cmr/m/n/10 Martin, R. L., Jerol-mack, D. J., & Schumer, R.  (2012).  The
 phys-i-cal ba-sis for 
 []


Underfull \hbox (badness 7256) in paragraph at lines 917--934
\OT1/cmr/m/n/10 anoma-lous dif-fu-sion in bed load trans-port.  \OT1/cmr/m/it/1
0 Jour-nal of Geo-phys-i-cal Re-search: 
 []


Underfull \hbox (badness 10000) in paragraph at lines 949--969
\OT1/cmr/m/n/10 mod-els and their prop-er-ties: Non-stationarity, non-ergodicit
y, and age-ing at 
 []


Underfull \hbox (badness 10000) in paragraph at lines 1010--1030
[]\OT1/cmr/m/n/10 Molina-Garcia, D., Sandev, T., Saf-dari, H., Pagnini, G., Che
chkin, A., & Met-zler, R. 
 []


Underfull \hbox (badness 5490) in paragraph at lines 1010--1030
\OT1/cmr/m/n/10 (2018).  Crossover from anoma-lous to nor-mal dif-fu-sion: Trun
-cated power-law 
 []


Underfull \hbox (badness 1242) in paragraph at lines 1010--1030
\OT1/cmr/m/n/10 noise cor-re-la-tions and ap-pli-ca-tions to dy-nam-ics in lipi
d bi-lay-ers.  \OT1/cmr/m/it/10 New Jour-nal 
 []


Underfull \hbox (badness 1325) in paragraph at lines 1102--1118
[]\OT1/cmr/m/n/10 Nikora, V., Gor-ing, D., McE-wan, I., Grif-fiths, G., & Nikor
a.  (2001).  Spa-tially av- 
 []


Underfull \hbox (badness 6220) in paragraph at lines 1102--1118
\OT1/cmr/m/n/10 er-aged open-channel flow over rough bed.  \OT1/cmr/m/it/10 Jou
r-nal of Hy-draulic En-gi-neer-ing\OT1/cmr/m/n/10 , 
 []


Underfull \hbox (badness 2359) in paragraph at lines 1195--1211
[]\OT1/cmr/m/n/10 Phillips, C. B., Mar-tin, R. L., & Jerol-mack, D. J.  (2013).
  Im-pulse frame-work for 
 []


Underfull \hbox (badness 10000) in paragraph at lines 1227--1245
[]\OT1/cmr/m/n/10 Saletti, M., Mol-nar, P., Zim-mer-mann, A. E., Has-san, M. A.
, & Church, M. 
 []


Underfull \hbox (badness 10000) in paragraph at lines 1227--1245
\OT1/cmr/m/n/10 (2015).  Tem-po-ral vari-abil-ity and mem-ory in sed-i-ment tra
ns-port in an ex- 
 []


Underfull \hbox (badness 10000) in paragraph at lines 1227--1245
\OT1/cmr/m/n/10 per-i-men-tal step-pool chan-nel.  \OT1/cmr/m/it/10 Wa-ter Re-s
our. Res.\OT1/cmr/m/n/10 , \OT1/cmr/m/it/10 51\OT1/cmr/m/n/10 , 1649--1670.  do
i: 
 []


Underfull \hbox (badness 10000) in paragraph at lines 1375--1394
\OT1/cmr/m/n/10 Ex-per-i-men-tal ev-i-dence for sta-tis-ti-cal scal-ing and in-
ter-mit-tency in sed-i-ment 
 []


Underfull \vbox (badness 10000) has occurred while \output is active []

 [15]
Underfull \hbox (badness 4608) in paragraph at lines 1513--1529
\OT1/cmr/m/n/10 asym-met-ric ran-dom walks.  \OT1/cmr/m/it/10 Phys-i-cal Re-vie
w E - Sta-tis-ti-cal Physics, Plas-mas, 
 []


Underfull \hbox (badness 2080) in paragraph at lines 1513--1529
\OT1/cmr/m/it/10 Flu-ids, and Re-lated In-ter-dis-ci-plinary Top-ics\OT1/cmr/m/
n/10 , \OT1/cmr/m/it/10 57\OT1/cmr/m/n/10 (5), 4915--4920.  doi: $10 [] .1103 /
 
 []


Underfull \hbox (badness 1490) in paragraph at lines 1566--1577
[]\OT1/cmr/m/n/10 Weiss, G. H.  (1994).  \OT1/cmr/m/it/10 As-pects and ap-pli-c
a-tions of the ran-dom walk\OT1/cmr/m/n/10 .  Am-s-ter-dam: 
 []


Underfull \hbox (badness 10000) in paragraph at lines 1589--1609
[]\OT1/cmr/m/n/10 Wu, Z., Foufoula-Georgiou, E., Parker, G., Singh, A., Fu, X.,
 & Wang, G.  (2019). 
 []


Underfull \hbox (badness 10000) in paragraph at lines 1589--1609
\OT1/cmr/m/n/10 An-a-lyt-i-cal So-lu-tion for Anoma-lous Dif-fu-sion of Bed-loa
d Trac-ers Grad-u-ally 
 []


Underfull \hbox (badness 5288) in paragraph at lines 1589--1609
\OT1/cmr/m/n/10 Un-der-go-ing Burial.  \OT1/cmr/m/it/10 Jour-nal of Geo-phys-i-
cal Re-search: Earth Sur-face\OT1/cmr/m/n/10 , \OT1/cmr/m/it/10 124\OT1/cmr/m/n
/10 (1), 
 []


Underfull \hbox (badness 10000) in paragraph at lines 1623--1643
[]\OT1/cmr/m/n/10 Yang, X. R., & Wang, Y.  (2019).  Ubiq-uity of anoma-lous tra
ns-port in porous 
 []


Underfull \hbox (badness 10000) in paragraph at lines 1623--1643
\OT1/cmr/m/n/10 me-dia: Nu-mer-i-cal ev-i-dence, con-tin-u-ous time ran-dom wal
k mod-elling, 
 []


Underfull \hbox (badness 10000) in paragraph at lines 1623--1643
\OT1/cmr/m/n/10 and hy-dro-dy-namic in-ter-pre-ta-tion.  \OT1/cmr/m/it/10 Sci-e
n-tific Re-ports\OT1/cmr/m/n/10 , \OT1/cmr/m/it/10 9\OT1/cmr/m/n/10 (1), 1--11.
  Re- 
 []


Underfull \hbox (badness 10000) in paragraph at lines 1623--1643
\OT1/cmr/m/n/10 trieved from $\OT1/cmtt/m/n/10 http :// dx [] .doi [] .org / 10
 [] .1038 / s41598 [] -019 [] -39363 [] -3$   \OT1/cmr/m/n/10 doi: 
 []

) [16] (./rwdiffu.aux)

LaTeX Font Warning: Size substitutions with differences
(Font)              up to 0.45pt have occurred.

 ) 
Here is how much of TeX's memory you used:
 5017 strings out of 492982
 66557 string characters out of 6134895
 144216 words of memory out of 5000000
 8464 multiletter control sequences out of 15000+600000
 13258 words of font info for 52 fonts, out of 8000000 for 9000
 1147 hyphenation exceptions out of 8191
 50i,15n,37p,738b,475s stack positions out of 5000i,500n,10000p,200000b,80000s
</usr/share/texlive/texmf-dist/fonts/type1/public/amsfonts/cm/cmbx10.pfb></us
r/share/texlive/texmf-dist/fonts/type1/public/amsfonts/cm/cmbx12.pfb></usr/shar
e/texlive/texmf-dist/fonts/type1/public/amsfonts/cm/cmbx9.pfb></usr/share/texli
ve/texmf-dist/fonts/type1/public/amsfonts/cm/cmex10.pfb></usr/share/texlive/tex
mf-dist/fonts/type1/public/amsfonts/cm/cmmi10.pfb></usr/share/texlive/texmf-dis
t/fonts/type1/public/amsfonts/cm/cmmi6.pfb></usr/share/texlive/texmf-dist/fonts
/type1/public/amsfonts/cm/cmmi7.pfb></usr/share/texlive/texmf-dist/fonts/type1/
public/amsfonts/cm/cmmi9.pfb></usr/share/texlive/texmf-dist/fonts/type1/public/
amsfonts/cm/cmr10.pfb></usr/share/texlive/texmf-dist/fonts/type1/public/amsfont
s/cm/cmr5.pfb></usr/share/texlive/texmf-dist/fonts/type1/public/amsfonts/cm/cmr
6.pfb></usr/share/texlive/texmf-dist/fonts/type1/public/amsfonts/cm/cmr7.pfb></
usr/share/texlive/texmf-dist/fonts/type1/public/amsfonts/cm/cmr8.pfb></usr/shar
e/texlive/texmf-dist/fonts/type1/public/amsfonts/cm/cmr9.pfb></usr/share/texliv
e/texmf-dist/fonts/type1/public/amsfonts/cm/cmsy10.pfb></usr/share/texlive/texm
f-dist/fonts/type1/public/amsfonts/cm/cmsy5.pfb></usr/share/texlive/texmf-dist/
fonts/type1/public/amsfonts/cm/cmsy7.pfb></usr/share/texlive/texmf-dist/fonts/t
ype1/public/amsfonts/cm/cmsy9.pfb></usr/share/texlive/texmf-dist/fonts/type1/pu
blic/amsfonts/cm/cmti10.pfb></usr/share/texlive/texmf-dist/fonts/type1/public/a
msfonts/cm/cmti9.pfb></usr/share/texlive/texmf-dist/fonts/type1/public/amsfonts
/cm/cmtt10.pfb></usr/share/texlive/texmf-dist/fonts/type1/public/amsfonts/cm/cm
tt9.pfb>
Output written on rwdiffu.pdf (16 pages, 557393 bytes).
PDF statistics:
 150 PDF objects out of 1000 (max. 8388607)
 104 compressed objects within 2 object streams
 0 named destinations out of 1000 (max. 500000)
 11 words of extra memory for PDF output out of 10000 (max. 10000000)

